  ADDR  |  HEX  |      BINARY      |  LN  |  ASSEMBLY
        |       |                  |    1 | .ORIG x3000
 x3000  | xF031 | 1111000000110001 |    2 | TRAP 0x31 ; stores x, y, z into R0, R1, R2
        |       |                  |    3 | ;TRAP 0x36 ; log
        |       |                  |    4 | ; Formula dmanhattan = |(playerPos.x - G_x)|
        |       |                  |    5 | ; loading G values and making them negative
        |       |                  |    6 | 
 x3001  | x2628 | 0010011000101000 |    7 | LD R3, G_X
 x3002  | x96FF | 1001011011111111 |    8 | NOT R3, R3
 x3003  | x16E1 | 0001011011100001 |    9 | ADD R3, R3, #1
        |       |                  |   10 | 
 x3004  | x2826 | 0010100000100110 |   11 | LD R4, G_Y
 x3005  | x993F | 1001100100111111 |   12 | NOT R4, R4
 x3006  | x1921 | 0001100100100001 |   13 | ADD R4, R4, #1
        |       |                  |   14 | 
 x3007  | x2A24 | 0010101000100100 |   15 | LD R5, G_Z
 x3008  | x9B7F | 1001101101111111 |   16 | NOT R5, R5
 x3009  | x1B61 | 0001101101100001 |   17 | ADD R5, R5, #1
        |       |                  |   18 | 
        |       |                  |   19 | ; getting the absolute of X - G_X
 x300A  | x1003 | 0001000000000011 |   20 | ADD R0, R0, R3
 x300B  | x0602 | 0000011000000010 |   21 | BRzp ABSOLUTEX
 x300C  | x903F | 1001000000111111 |   22 | NOT R0, R0
 x300D  | x1021 | 0001000000100001 |   23 | ADD R0, R0, #1
 x300E  | x1020 | 0001000000100000 |   24 | ABSOLUTEX ADD R0, R0, #0
        |       |                  |   25 | ;TRAP 0x36
        |       |                  |   26 | ; getting the absoluet of Y - G_Y
        |       |                  |   27 | 
 x300F  | x1244 | 0001001001000100 |   28 | ADD R1, R1, R4
 x3010  | x0602 | 0000011000000010 |   29 | BRzp ABSOLUTEY
 x3011  | x927F | 1001001001111111 |   30 | NOT R1, R1
 x3012  | x1261 | 0001001001100001 |   31 | ADD R1, R1, #1
 x3013  | x1260 | 0001001001100000 |   32 | ABSOLUTEY ADD R1, R1, #0
        |       |                  |   33 | ;TRAP 0x36
        |       |                  |   34 | 
        |       |                  |   35 | ; getting the absolute of Z - G_Z
 x3014  | x1485 | 0001010010000101 |   36 | ADD R2, R2, R5
 x3015  | x0602 | 0000011000000010 |   37 | BRzp ABSOLUTEZ
 x3016  | x94BF | 1001010010111111 |   38 | NOT R2, R2
 x3017  | x14A1 | 0001010010100001 |   39 | ADD R2, R2, #1
        |       |                  |   40 | ;TRAP 0x36;
 x3018  | x14A0 | 0001010010100000 |   41 | ABSOLUTEZ ADD R2, R2, #0
        |       |                  |   42 | 
        |       |                  |   43 | ; calculating the value
 x3019  | x5DA0 | 0101110110100000 |   44 | AND R6, R6, #0; resetting r6 as the actual value
 x301A  | x1D80 | 0001110110000000 |   45 | ADD R6, R6, R0
 x301B  | x1D81 | 0001110110000001 |   46 | ADD R6, R6, R1
 x301C  | x1D82 | 0001110110000010 |   47 | ADD R6, R6, R2
 x301D  | xF036 | 1111000000110110 |   48 | TRAP 0x36
        |       |                  |   49 | 
        |       |                  |   50 | ; comparing playing position and distance by doing distance - goal
 x301E  | x2E0E | 0010111000001110 |   51 | LD R7, GOAL_DIST
 x301F  | x9FFF | 1001111111111111 |   52 | NOT R7, R7
 x3020  | x1FE1 | 0001111111100001 |   53 | ADD R7, R7, #1
 x3021  | x1D87 | 0001110110000111 |   54 | ADD R6, R6, R7
 x3022  | x0C04 | 0000110000000100 |   55 | BRnz INDISTANCE
 x3023  | xE012 | 1110000000010010 |   56 | LEA R0, OUT_MSG
 x3024  | xF030 | 1111000000110000 |   57 | TRAP 0x30
 x3025  | xF036 | 1111000000110110 |   58 | TRAP 0x36
 x3026  | xF025 | 1111000000100101 |   59 | HALT
        |       |                  |   60 | INDISTANCE
 x3027  | xE006 | 1110000000000110 |   61 |     LEA R0, MSG
 x3028  | xF030 | 1111000000110000 |   62 |     TRAP 0x30
        |       |                  |   63 | 
 x3029  | xF025 | 1111000000100101 |   64 | HALT
        |       |                  |   65 | ; Note: Please do not change the names of the constants below
 x302A  | x0007 | 0000000000000111 |   66 | G_X .FILL #7 ; x coordinate of goal
 x302B  | xFFF8 | 1111111111111000 |   67 | G_Y .FILL #-8 ; y coordinate of goal
 x302C  | x0005 | 0000000000000101 |   68 | G_Z .FILL #5 ; z coordinate of goal
 x302D  | x000A | 0000000000001010 |   69 | GOAL_DIST .FILL #10 ; the distance bound to be checked.
 x302E  | x0049 | 0000000001001001 |   70 | MSG .STRINGZ "INBOUND"
        | x004E | 0000000001001110 |      |
        | x0042 | 0000000001000010 |      |
        | x004F | 0000000001001111 |      |
        | x0055 | 0000000001010101 |      |
        | x004E | 0000000001001110 |      |
        | x0044 | 0000000001000100 |      |
        | x0000 | 0000000000000000 |      |
 x3036  | x004F | 0000000001001111 |   71 | OUT_MSG .STRINGZ "OUTBOUND"
        | x0055 | 0000000001010101 |      |
        | x0054 | 0000000001010100 |      |
        | x0042 | 0000000001000010 |      |
        | x004F | 0000000001001111 |      |
        | x0055 | 0000000001010101 |      |
        | x004E | 0000000001001110 |      |
        | x0044 | 0000000001000100 |      |
        | x0000 | 0000000000000000 |      |
        |       |                  |   72 | .END